{"total": {"lines":{"total":239,"covered":48,"skipped":0,"pct":20.08},"statements":{"total":256,"covered":55,"skipped":0,"pct":21.48},"functions":{"total":92,"covered":13,"skipped":0,"pct":14.13},"branches":{"total":125,"covered":18,"skipped":0,"pct":14.4},"branchesTrue":{"total":0,"covered":0,"skipped":0,"pct":100}}
,"/Users/daniel.roeding/_Entwicklung/_ai_projekte/demos/ki-usecase-explorer-v3/src/actions.ts": {"lines":{"total":21,"covered":21,"skipped":0,"pct":100},"functions":{"total":3,"covered":3,"skipped":0,"pct":100},"statements":{"total":24,"covered":24,"skipped":0,"pct":100},"branches":{"total":12,"covered":12,"skipped":0,"pct":100}}
,"/Users/daniel.roeding/_Entwicklung/_ai_projekte/demos/ki-usecase-explorer-v3/src/queries.ts": {"lines":{"total":18,"covered":18,"skipped":0,"pct":100},"functions":{"total":7,"covered":7,"skipped":0,"pct":100},"statements":{"total":22,"covered":22,"skipped":0,"pct":100},"branches":{"total":6,"covered":6,"skipped":0,"pct":100}}
,"/Users/daniel.roeding/_Entwicklung/_ai_projekte/demos/ki-usecase-explorer-v3/src/pages/AdminPage.tsx": {"lines":{"total":4,"covered":0,"skipped":0,"pct":0},"functions":{"total":1,"covered":0,"skipped":0,"pct":0},"statements":{"total":4,"covered":0,"skipped":0,"pct":0},"branches":{"total":0,"covered":0,"skipped":0,"pct":100}}
,"/Users/daniel.roeding/_Entwicklung/_ai_projekte/demos/ki-usecase-explorer-v3/src/pages/DashboardPage.tsx": {"lines":{"total":60,"covered":0,"skipped":0,"pct":0},"functions":{"total":21,"covered":0,"skipped":0,"pct":0},"statements":{"total":64,"covered":0,"skipped":0,"pct":0},"branches":{"total":34,"covered":0,"skipped":0,"pct":0}}
,"/Users/daniel.roeding/_Entwicklung/_ai_projekte/demos/ki-usecase-explorer-v3/src/pages/DashboardPageOld.tsx": {"lines":{"total":58,"covered":0,"skipped":0,"pct":0},"functions":{"total":23,"covered":0,"skipped":0,"pct":0},"statements":{"total":61,"covered":0,"skipped":0,"pct":0},"branches":{"total":43,"covered":0,"skipped":0,"pct":0}}
,"/Users/daniel.roeding/_Entwicklung/_ai_projekte/demos/ki-usecase-explorer-v3/src/pages/LandingPage.tsx": {"lines":{"total":3,"covered":3,"skipped":0,"pct":100},"functions":{"total":1,"covered":1,"skipped":0,"pct":100},"statements":{"total":3,"covered":3,"skipped":0,"pct":100},"branches":{"total":0,"covered":0,"skipped":0,"pct":100}}
,"/Users/daniel.roeding/_Entwicklung/_ai_projekte/demos/ki-usecase-explorer-v3/src/pages/MobileDemoPage.tsx": {"lines":{"total":51,"covered":0,"skipped":0,"pct":0},"functions":{"total":31,"covered":0,"skipped":0,"pct":0},"statements":{"total":51,"covered":0,"skipped":0,"pct":0},"branches":{"total":14,"covered":0,"skipped":0,"pct":0}}
,"/Users/daniel.roeding/_Entwicklung/_ai_projekte/demos/ki-usecase-explorer-v3/src/pages/TestPage.tsx": {"lines":{"total":2,"covered":2,"skipped":0,"pct":100},"functions":{"total":1,"covered":1,"skipped":0,"pct":100},"statements":{"total":2,"covered":2,"skipped":0,"pct":100},"branches":{"total":0,"covered":0,"skipped":0,"pct":100}}
,"/Users/daniel.roeding/_Entwicklung/_ai_projekte/demos/ki-usecase-explorer-v3/src/pages/UseCaseDetailPage.tsx": {"lines":{"total":12,"covered":0,"skipped":0,"pct":0},"functions":{"total":1,"covered":0,"skipped":0,"pct":0},"statements":{"total":15,"covered":0,"skipped":0,"pct":0},"branches":{"total":16,"covered":0,"skipped":0,"pct":0}}
,"/Users/daniel.roeding/_Entwicklung/_ai_projekte/demos/ki-usecase-explorer-v3/src/pages/auth/EmailVerification.tsx": {"lines":{"total":3,"covered":0,"skipped":0,"pct":0},"functions":{"total":1,"covered":0,"skipped":0,"pct":0},"statements":{"total":3,"covered":0,"skipped":0,"pct":0},"branches":{"total":0,"covered":0,"skipped":0,"pct":100}}
,"/Users/daniel.roeding/_Entwicklung/_ai_projekte/demos/ki-usecase-explorer-v3/src/pages/auth/Login.tsx": {"lines":{"total":4,"covered":4,"skipped":0,"pct":100},"functions":{"total":1,"covered":1,"skipped":0,"pct":100},"statements":{"total":4,"covered":4,"skipped":0,"pct":100},"branches":{"total":0,"covered":0,"skipped":0,"pct":100}}
,"/Users/daniel.roeding/_Entwicklung/_ai_projekte/demos/ki-usecase-explorer-v3/src/pages/auth/PasswordReset.tsx": {"lines":{"total":3,"covered":0,"skipped":0,"pct":0},"functions":{"total":1,"covered":0,"skipped":0,"pct":0},"statements":{"total":3,"covered":0,"skipped":0,"pct":0},"branches":{"total":0,"covered":0,"skipped":0,"pct":100}}
}
