TN:
SF:src/actions.ts
FN:4,(anonymous_0)
FN:38,(anonymous_1)
FN:55,(anonymous_2)
FNF:3
FNH:3
FNDA:27,(anonymous_0)
FNDA:9,(anonymous_1)
FNDA:13,(anonymous_2)
DA:1,3
DA:4,3
DA:5,27
DA:6,5
DA:10,22
DA:19,22
DA:21,12
DA:27,10
DA:38,3
DA:39,9
DA:40,2
DA:48,7
DA:55,3
DA:56,13
DA:57,4
DA:60,9
DA:64,9
DA:65,3
DA:68,6
DA:69,3
DA:72,3
LF:21
LH:21
BRDA:5,0,0,5
BRDA:5,0,1,22
BRDA:19,1,0,12
BRDA:19,1,1,10
BRDA:39,2,0,2
BRDA:39,2,1,7
BRDA:56,3,0,4
BRDA:56,3,1,9
BRDA:64,4,0,3
BRDA:64,4,1,6
BRDA:68,5,0,3
BRDA:68,5,1,3
BRF:12
BRH:12
end_of_record
TN:
SF:src/queries.ts
FN:5,(anonymous_0)
FN:32,(anonymous_1)
FN:52,(anonymous_2)
FN:65,(anonymous_3)
FN:66,(anonymous_4)
FN:80,(anonymous_5)
FN:85,(anonymous_6)
FNF:7
FNH:7
FNDA:7,(anonymous_0)
FNDA:6,(anonymous_1)
FNDA:8,(anonymous_2)
FNDA:28,(anonymous_3)
FNDA:30,(anonymous_4)
FNDA:20,(anonymous_5)
FNDA:22,(anonymous_6)
DA:1,3
DA:5,3
DA:6,7
DA:32,3
DA:33,6
DA:52,3
DA:53,8
DA:65,8
DA:66,28
DA:67,30
DA:69,30
DA:72,28
DA:79,8
DA:80,20
DA:85,3
DA:86,22
DA:87,8
DA:90,14
LF:18
LH:18
BRDA:67,0,0,6
BRDA:67,0,1,24
BRDA:68,1,0,22
BRDA:68,1,1,2
BRDA:86,2,0,8
BRDA:86,2,1,14
BRF:6
BRH:6
end_of_record
TN:
SF:src/pages/AdminPage.tsx
FN:4,AdminPage
FNF:1
FNH:0
FNDA:0,AdminPage
DA:2,0
DA:4,0
DA:5,0
DA:7,0
LF:4
LH:0
BRF:0
BRH:0
end_of_record
TN:
SF:src/pages/DashboardPage.tsx
FN:8,(anonymous_0)
FN:11,(anonymous_1)
FN:12,(anonymous_2)
FN:19,(anonymous_3)
FN:26,(anonymous_4)
FN:29,(anonymous_5)
FN:30,(anonymous_6)
FN:39,(anonymous_7)
FN:47,(anonymous_8)
FN:56,DashboardPage
FN:65,(anonymous_10)
FN:72,(anonymous_11)
FN:73,(anonymous_12)
FN:74,(anonymous_13)
FN:76,(anonymous_14)
FN:190,(anonymous_15)
FN:291,(anonymous_16)
FN:302,(anonymous_17)
FN:307,(anonymous_18)
FN:431,(anonymous_19)
FN:447,(anonymous_20)
FNF:21
FNH:0
FNDA:0,(anonymous_0)
FNDA:0,(anonymous_1)
FNDA:0,(anonymous_2)
FNDA:0,(anonymous_3)
FNDA:0,(anonymous_4)
FNDA:0,(anonymous_5)
FNDA:0,(anonymous_6)
FNDA:0,(anonymous_7)
FNDA:0,(anonymous_8)
FNDA:0,DashboardPage
FNDA:0,(anonymous_10)
FNDA:0,(anonymous_11)
FNDA:0,(anonymous_12)
FNDA:0,(anonymous_13)
FNDA:0,(anonymous_14)
FNDA:0,(anonymous_15)
FNDA:0,(anonymous_16)
FNDA:0,(anonymous_17)
FNDA:0,(anonymous_18)
FNDA:0,(anonymous_19)
FNDA:0,(anonymous_20)
DA:1,0
DA:2,0
DA:3,0
DA:4,0
DA:5,0
DA:8,0
DA:9,0
DA:11,0
DA:12,0
DA:13,0
DA:16,0
DA:17,0
DA:19,0
DA:22,0
DA:26,0
DA:27,0
DA:29,0
DA:30,0
DA:31,0
DA:32,0
DA:33,0
DA:36,0
DA:39,0
DA:40,0
DA:41,0
DA:44,0
DA:45,0
DA:47,0
DA:48,0
DA:49,0
DA:53,0
DA:56,0
DA:57,0
DA:58,0
DA:59,0
DA:60,0
DA:61,0
DA:62,0
DA:65,0
DA:66,0
DA:71,0
DA:72,0
DA:73,0
DA:74,0
DA:76,0
DA:77,0
DA:80,0
DA:81,0
DA:111,0
DA:190,0
DA:292,0
DA:303,0
DA:304,0
DA:305,0
DA:308,0
DA:309,0
DA:310,0
DA:432,0
DA:447,0
DA:468,0
LF:60
LH:0
BRDA:65,0,0,0
BRDA:65,0,1,0
BRDA:66,1,0,0
BRDA:66,1,1,0
BRDA:71,2,0,0
BRDA:71,2,1,0
BRDA:72,3,0,0
BRDA:72,3,1,0
BRDA:73,4,0,0
BRDA:73,4,1,0
BRDA:74,5,0,0
BRDA:74,5,1,0
BRDA:80,6,0,0
BRDA:80,6,1,0
BRDA:115,7,0,0
BRDA:115,7,1,0
BRDA:289,8,0,0
BRDA:289,8,1,0
BRDA:328,9,0,0
BRDA:328,9,1,0
BRDA:330,10,0,0
BRDA:330,10,1,0
BRDA:333,11,0,0
BRDA:333,11,1,0
BRDA:334,12,0,0
BRDA:334,12,1,0
BRDA:362,13,0,0
BRDA:362,13,1,0
BRDA:371,14,0,0
BRDA:371,14,1,0
BRDA:410,15,0,0
BRDA:410,15,1,0
BRDA:440,16,0,0
BRDA:440,16,1,0
BRF:34
BRH:0
end_of_record
TN:
SF:src/pages/DashboardPageOld.tsx
FN:8,(anonymous_0)
FN:11,(anonymous_1)
FN:12,(anonymous_2)
FN:19,(anonymous_3)
FN:26,(anonymous_4)
FN:27,(anonymous_5)
FN:28,(anonymous_6)
FN:37,(anonymous_7)
FN:44,DashboardPage
FN:55,(anonymous_9)
FN:60,(anonymous_10)
FN:68,(anonymous_11)
FN:139,(anonymous_12)
FN:238,(anonymous_13)
FN:254,(anonymous_14)
FN:266,(anonymous_15)
FN:326,(anonymous_16)
FN:336,(anonymous_17)
FN:340,(anonymous_18)
FN:344,(anonymous_19)
FN:451,(anonymous_20)
FN:491,(anonymous_21)
FN:508,(anonymous_22)
FNF:23
FNH:0
FNDA:0,(anonymous_0)
FNDA:0,(anonymous_1)
FNDA:0,(anonymous_2)
FNDA:0,(anonymous_3)
FNDA:0,(anonymous_4)
FNDA:0,(anonymous_5)
FNDA:0,(anonymous_6)
FNDA:0,(anonymous_7)
FNDA:0,DashboardPage
FNDA:0,(anonymous_9)
FNDA:0,(anonymous_10)
FNDA:0,(anonymous_11)
FNDA:0,(anonymous_12)
FNDA:0,(anonymous_13)
FNDA:0,(anonymous_14)
FNDA:0,(anonymous_15)
FNDA:0,(anonymous_16)
FNDA:0,(anonymous_17)
FNDA:0,(anonymous_18)
FNDA:0,(anonymous_19)
FNDA:0,(anonymous_20)
FNDA:0,(anonymous_21)
FNDA:0,(anonymous_22)
DA:1,0
DA:2,0
DA:3,0
DA:4,0
DA:5,0
DA:8,0
DA:9,0
DA:11,0
DA:12,0
DA:13,0
DA:16,0
DA:17,0
DA:19,0
DA:22,0
DA:26,0
DA:27,0
DA:28,0
DA:29,0
DA:30,0
DA:33,0
DA:34,0
DA:35,0
DA:37,0
DA:38,0
DA:39,0
DA:44,0
DA:45,0
DA:46,0
DA:47,0
DA:48,0
DA:49,0
DA:50,0
DA:53,0
DA:55,0
DA:56,0
DA:60,0
DA:61,0
DA:63,0
DA:64,0
DA:68,0
DA:71,0
DA:72,0
DA:104,0
DA:105,0
DA:139,0
DA:158,0
DA:238,0
DA:254,0
DA:267,0
DA:327,0
DA:337,0
DA:338,0
DA:341,0
DA:342,0
DA:344,0
DA:451,0
DA:492,0
DA:508,0
LF:58
LH:0
BRDA:61,0,0,0
BRDA:61,0,1,0
BRDA:63,1,0,0
BRDA:63,1,1,0
BRDA:64,2,0,0
BRDA:64,2,1,0
BRDA:71,3,0,0
BRDA:71,3,1,0
BRDA:104,4,0,0
BRDA:104,4,1,0
BRDA:162,5,0,0
BRDA:162,5,1,0
BRDA:288,6,0,0
BRDA:288,6,1,0
BRDA:300,7,0,0
BRDA:300,7,1,0
BRDA:319,8,0,0
BRDA:319,8,1,0
BRDA:324,9,0,0
BRDA:324,9,1,0
BRDA:324,10,0,0
BRDA:324,10,1,0
BRDA:361,11,0,0
BRDA:361,11,1,0
BRDA:391,12,0,0
BRDA:391,12,1,0
BRDA:400,13,0,0
BRDA:400,13,1,0
BRDA:437,14,0,0
BRDA:437,14,1,0
BRDA:437,15,0,0
BRDA:437,15,1,0
BRDA:444,16,0,0
BRDA:444,16,1,0
BRDA:444,17,0,0
BRDA:444,17,1,0
BRDA:449,18,0,0
BRDA:449,18,1,0
BRDA:449,18,2,0
BRDA:470,19,0,0
BRDA:470,19,1,0
BRDA:501,20,0,0
BRDA:501,20,1,0
BRF:43
BRH:0
end_of_record
TN:
SF:src/pages/LandingPage.tsx
FN:4,LandingPage
FNF:1
FNH:1
FNDA:2,LandingPage
DA:2,1
DA:4,1
DA:5,2
LF:3
LH:3
BRF:0
BRH:0
end_of_record
TN:
SF:src/pages/MobileDemoPage.tsx
FN:4,(anonymous_0)
FN:99,(anonymous_1)
FN:178,(anonymous_2)
FN:188,(anonymous_3)
FN:192,(anonymous_4)
FN:243,(anonymous_5)
FN:303,(anonymous_6)
FN:307,(anonymous_7)
FN:325,(anonymous_8)
FN:329,(anonymous_9)
FN:347,(anonymous_10)
FN:351,(anonymous_11)
FN:369,(anonymous_12)
FN:373,(anonymous_13)
FN:405,(anonymous_14)
FN:409,(anonymous_15)
FN:432,(anonymous_16)
FN:449,(anonymous_17)
FN:478,(anonymous_18)
FN:490,(anonymous_19)
FN:512,(anonymous_20)
FN:513,(anonymous_21)
FN:527,(anonymous_22)
FN:528,(anonymous_23)
FN:542,(anonymous_24)
FN:543,(anonymous_25)
FN:557,(anonymous_26)
FN:558,(anonymous_27)
FN:574,(anonymous_28)
FN:575,(anonymous_29)
FN:576,(anonymous_30)
FNF:31
FNH:0
FNDA:0,(anonymous_0)
FNDA:0,(anonymous_1)
FNDA:0,(anonymous_2)
FNDA:0,(anonymous_3)
FNDA:0,(anonymous_4)
FNDA:0,(anonymous_5)
FNDA:0,(anonymous_6)
FNDA:0,(anonymous_7)
FNDA:0,(anonymous_8)
FNDA:0,(anonymous_9)
FNDA:0,(anonymous_10)
FNDA:0,(anonymous_11)
FNDA:0,(anonymous_12)
FNDA:0,(anonymous_13)
FNDA:0,(anonymous_14)
FNDA:0,(anonymous_15)
FNDA:0,(anonymous_16)
FNDA:0,(anonymous_17)
FNDA:0,(anonymous_18)
FNDA:0,(anonymous_19)
FNDA:0,(anonymous_20)
FNDA:0,(anonymous_21)
FNDA:0,(anonymous_22)
FNDA:0,(anonymous_23)
FNDA:0,(anonymous_24)
FNDA:0,(anonymous_25)
FNDA:0,(anonymous_26)
FNDA:0,(anonymous_27)
FNDA:0,(anonymous_28)
FNDA:0,(anonymous_29)
FNDA:0,(anonymous_30)
DA:1,0
DA:2,0
DA:4,0
DA:5,0
DA:6,0
DA:8,0
DA:38,0
DA:46,0
DA:99,0
DA:179,0
DA:189,0
DA:190,0
DA:193,0
DA:194,0
DA:244,0
DA:304,0
DA:305,0
DA:308,0
DA:309,0
DA:326,0
DA:327,0
DA:330,0
DA:331,0
DA:348,0
DA:349,0
DA:352,0
DA:353,0
DA:370,0
DA:371,0
DA:374,0
DA:375,0
DA:406,0
DA:407,0
DA:410,0
DA:411,0
DA:433,0
DA:449,0
DA:478,0
DA:490,0
DA:512,0
DA:513,0
DA:527,0
DA:528,0
DA:542,0
DA:543,0
DA:557,0
DA:558,0
DA:574,0
DA:575,0
DA:576,0
DA:588,0
LF:51
LH:0
BRDA:213,0,0,0
BRDA:213,0,1,0
BRDA:213,1,0,0
BRDA:213,1,1,0
BRDA:214,2,0,0
BRDA:214,2,1,0
BRDA:214,3,0,0
BRDA:214,3,1,0
BRDA:442,4,0,0
BRDA:442,4,1,0
BRDA:467,5,0,0
BRDA:467,5,1,0
BRDA:487,6,0,0
BRDA:487,6,1,0
BRF:14
BRH:0
end_of_record
TN:
SF:src/pages/TestPage.tsx
FN:3,TestPage
FNF:1
FNH:1
FNDA:2,TestPage
DA:3,1
DA:4,2
LF:2
LH:2
BRF:0
BRH:0
end_of_record
TN:
SF:src/pages/UseCaseDetailPage.tsx
FN:7,UseCaseDetailPage
FNF:1
FNH:0
FNDA:0,UseCaseDetailPage
DA:2,0
DA:3,0
DA:4,0
DA:5,0
DA:7,0
DA:8,0
DA:9,0
DA:10,0
DA:12,0
DA:13,0
DA:14,0
DA:16,0
LF:12
LH:0
BRDA:12,0,0,0
BRDA:12,0,1,0
BRDA:13,1,0,0
BRDA:13,1,1,0
BRDA:14,2,0,0
BRDA:14,2,1,0
BRDA:50,3,0,0
BRDA:50,3,1,0
BRDA:56,4,0,0
BRDA:56,4,1,0
BRDA:62,5,0,0
BRDA:62,5,1,0
BRDA:68,6,0,0
BRDA:68,6,1,0
BRDA:74,7,0,0
BRDA:74,7,1,0
BRF:16
BRH:0
end_of_record
TN:
SF:src/pages/auth/EmailVerification.tsx
FN:4,EmailVerificationPage
FNF:1
FNH:0
FNDA:0,EmailVerificationPage
DA:2,0
DA:4,0
DA:5,0
LF:3
LH:0
BRF:0
BRH:0
end_of_record
TN:
SF:src/pages/auth/Login.tsx
FN:5,LoginPage
FNF:1
FNH:1
FNDA:3,LoginPage
DA:2,1
DA:3,1
DA:5,1
DA:6,3
LF:4
LH:4
BRF:0
BRH:0
end_of_record
TN:
SF:src/pages/auth/PasswordReset.tsx
FN:4,PasswordResetPage
FNF:1
FNH:0
FNDA:0,PasswordResetPage
DA:2,0
DA:4,0
DA:5,0
LF:3
LH:0
BRF:0
BRH:0
end_of_record
